<?xml version="1.0" encoding="UTF-8"?>
<testng-results skipped="0" failed="1" ignored="0" total="4" passed="3">
  <reporter-output>
  </reporter-output>
  <suite name="Command line suite" duration-ms="21280" started-at="2021-12-17T14:34:51 CST" finished-at="2021-12-17T14:35:12 CST">
    <groups>
    </groups>
    <test name="Command line test" duration-ms="21280" started-at="2021-12-17T14:34:51 CST" finished-at="2021-12-17T14:35:12 CST">
      <class name="com.hudl.testcases.LoginPageTest">
        <test-method status="PASS" signature="setup()[pri:0, instance:com.hudl.testcases.LoginPageTest@1d29cf23]" name="setup" is-config="true" duration-ms="3452" started-at="2021-12-17T14:35:04 CST" finished-at="2021-12-17T14:35:07 CST">
          <reporter-output>
          </reporter-output>
        </test-method> <!-- setup -->
        <test-method status="PASS" signature="loginPageTitleTest()[pri:1, instance:com.hudl.testcases.LoginPageTest@1d29cf23]" name="loginPageTitleTest" duration-ms="5" started-at="2021-12-17T14:35:07 CST" finished-at="2021-12-17T14:35:07 CST">
          <reporter-output>
          </reporter-output>
        </test-method> <!-- loginPageTitleTest -->
        <test-method status="PASS" signature="tearDown()[pri:0, instance:com.hudl.testcases.LoginPageTest@1d29cf23]" name="tearDown" is-config="true" duration-ms="615" started-at="2021-12-17T14:35:07 CST" finished-at="2021-12-17T14:35:08 CST">
          <reporter-output>
          </reporter-output>
        </test-method> <!-- tearDown -->
        <test-method status="PASS" signature="setup()[pri:0, instance:com.hudl.testcases.LoginPageTest@1d29cf23]" name="setup" is-config="true" duration-ms="3444" started-at="2021-12-17T14:35:08 CST" finished-at="2021-12-17T14:35:11 CST">
          <reporter-output>
          </reporter-output>
        </test-method> <!-- setup -->
        <test-method status="PASS" signature="loginTest()[pri:2, instance:com.hudl.testcases.LoginPageTest@1d29cf23]" name="loginTest" duration-ms="149" started-at="2021-12-17T14:35:11 CST" finished-at="2021-12-17T14:35:12 CST">
          <reporter-output>
          </reporter-output>
        </test-method> <!-- loginTest -->
        <test-method status="PASS" signature="tearDown()[pri:0, instance:com.hudl.testcases.LoginPageTest@1d29cf23]" name="tearDown" is-config="true" duration-ms="585" started-at="2021-12-17T14:35:12 CST" finished-at="2021-12-17T14:35:12 CST">
          <reporter-output>
          </reporter-output>
        </test-method> <!-- tearDown -->
      </class> <!-- com.hudl.testcases.LoginPageTest -->
      <class name="com.hudl.testcases.HomePageTest">
        <test-method status="PASS" signature="setUp()[pri:0, instance:com.hudl.testcases.HomePageTest@6321e813]" name="setUp" is-config="true" duration-ms="5263" started-at="2021-12-17T14:34:51 CST" finished-at="2021-12-17T14:34:56 CST">
          <reporter-output>
          </reporter-output>
        </test-method> <!-- setUp -->
        <test-method status="PASS" signature="verifyUserNameTest()[pri:1, instance:com.hudl.testcases.HomePageTest@6321e813]" name="verifyUserNameTest" duration-ms="2871" started-at="2021-12-17T14:34:56 CST" finished-at="2021-12-17T14:34:59 CST">
          <reporter-output>
          </reporter-output>
        </test-method> <!-- verifyUserNameTest -->
        <test-method status="PASS" signature="tearDown()[pri:0, instance:com.hudl.testcases.HomePageTest@6321e813]" name="tearDown" is-config="true" duration-ms="642" started-at="2021-12-17T14:34:59 CST" finished-at="2021-12-17T14:35:00 CST">
          <reporter-output>
          </reporter-output>
        </test-method> <!-- tearDown -->
        <test-method status="PASS" signature="setUp()[pri:0, instance:com.hudl.testcases.HomePageTest@6321e813]" name="setUp" is-config="true" duration-ms="3595" started-at="2021-12-17T14:35:00 CST" finished-at="2021-12-17T14:35:03 CST">
          <reporter-output>
          </reporter-output>
        </test-method> <!-- setUp -->
        <test-method status="FAIL" signature="verifyHomepageTitleTest()[pri:2, instance:com.hudl.testcases.HomePageTest@6321e813]" name="verifyHomepageTitleTest" duration-ms="4" started-at="2021-12-17T14:35:03 CST" finished-at="2021-12-17T14:35:03 CST">
          <exception class="java.lang.AssertionError">
            <message>
              <![CDATA[Home Page Title Not Matched expected [Home - Hudl] but found [Log In - Hudl]]]>
            </message>
            <full-stacktrace>
              <![CDATA[java.lang.AssertionError: Home Page Title Not Matched expected [Home - Hudl] but found [Log In - Hudl]
at org.testng.Assert.fail(Assert.java:99)
at org.testng.Assert.failNotEquals(Assert.java:1037)
at org.testng.Assert.assertEqualsImpl(Assert.java:140)
at org.testng.Assert.assertEquals(Assert.java:122)
at org.testng.Assert.assertEquals(Assert.java:629)
at com.hudl.testcases.HomePageTest.verifyHomepageTitleTest(HomePageTest.java:34)
at sun.reflect.NativeMethodAccessorImpl.invoke0(Native Method)
at sun.reflect.NativeMethodAccessorImpl.invoke(NativeMethodAccessorImpl.java:62)
at sun.reflect.DelegatingMethodAccessorImpl.invoke(DelegatingMethodAccessorImpl.java:43)
at java.lang.reflect.Method.invoke(Method.java:498)
at org.testng.internal.MethodInvocationHelper.invokeMethod(MethodInvocationHelper.java:133)
at org.testng.internal.TestInvoker.invokeMethod(TestInvoker.java:598)
at org.testng.internal.TestInvoker.invokeTestMethod(TestInvoker.java:173)
at org.testng.internal.MethodRunner.runInSequence(MethodRunner.java:46)
at org.testng.internal.TestInvoker$MethodInvocationAgent.invoke(TestInvoker.java:824)
at org.testng.internal.TestInvoker.invokeTestMethods(TestInvoker.java:146)
at org.testng.internal.TestMethodWorker.invokeTestMethods(TestMethodWorker.java:146)
at org.testng.internal.TestMethodWorker.run(TestMethodWorker.java:128)
at java.util.ArrayList.forEach(ArrayList.java:1259)
at org.testng.TestRunner.privateRun(TestRunner.java:794)
at org.testng.TestRunner.run(TestRunner.java:596)
at org.testng.SuiteRunner.runTest(SuiteRunner.java:377)
at org.testng.SuiteRunner.runSequentially(SuiteRunner.java:371)
at org.testng.SuiteRunner.privateRun(SuiteRunner.java:332)
at org.testng.SuiteRunner.run(SuiteRunner.java:276)
at org.testng.SuiteRunnerWorker.runSuite(SuiteRunnerWorker.java:53)
at org.testng.SuiteRunnerWorker.run(SuiteRunnerWorker.java:96)
at org.testng.TestNG.runSuitesSequentially(TestNG.java:1212)
at org.testng.TestNG.runSuitesLocally(TestNG.java:1134)
at org.testng.TestNG.runSuites(TestNG.java:1063)
at org.testng.TestNG.run(TestNG.java:1031)
at org.apache.maven.surefire.testng.TestNGExecutor.run(TestNGExecutor.java:77)
at org.apache.maven.surefire.testng.TestNGDirectoryTestSuite.executeMulti(TestNGDirectoryTestSuite.java:159)
at org.apache.maven.surefire.testng.TestNGDirectoryTestSuite.execute(TestNGDirectoryTestSuite.java:99)
at org.apache.maven.surefire.testng.TestNGProvider.invoke(TestNGProvider.java:106)
at sun.reflect.NativeMethodAccessorImpl.invoke0(Native Method)
at sun.reflect.NativeMethodAccessorImpl.invoke(NativeMethodAccessorImpl.java:62)
at sun.reflect.DelegatingMethodAccessorImpl.invoke(DelegatingMethodAccessorImpl.java:43)
at java.lang.reflect.Method.invoke(Method.java:498)
at org.apache.maven.surefire.util.ReflectionUtils.invokeMethodWithArray(ReflectionUtils.java:189)
at org.apache.maven.surefire.booter.ProviderFactory$ProviderProxy.invoke(ProviderFactory.java:165)
at org.apache.maven.surefire.booter.ProviderFactory.invokeProvider(ProviderFactory.java:85)
at org.apache.maven.surefire.booter.ForkedBooter.runSuitesInProcess(ForkedBooter.java:115)
at org.apache.maven.surefire.booter.ForkedBooter.main(ForkedBooter.java:75)
]]>
            </full-stacktrace>
          </exception> <!-- java.lang.AssertionError -->
          <reporter-output>
          </reporter-output>
        </test-method> <!-- verifyHomepageTitleTest -->
        <test-method status="PASS" signature="tearDown()[pri:0, instance:com.hudl.testcases.HomePageTest@6321e813]" name="tearDown" is-config="true" duration-ms="608" started-at="2021-12-17T14:35:03 CST" finished-at="2021-12-17T14:35:04 CST">
          <reporter-output>
          </reporter-output>
        </test-method> <!-- tearDown -->
      </class> <!-- com.hudl.testcases.HomePageTest -->
    </test> <!-- Command line test -->
  </suite> <!-- Command line suite -->
</testng-results>
