<?xml version="1.0" encoding="UTF-8"?>
<testng-results skipped="0" failed="1" total="4" passed="3">
  <reporter-output>
  </reporter-output>
  <suite name="Huld_Demo_Project" duration-ms="20645" started-at="2021-12-17T21:25:55Z" finished-at="2021-12-17T21:26:15Z">
    <groups>
    </groups>
    <test name="Log In to Hudl and Verify Successful Login" duration-ms="20645" started-at="2021-12-17T21:25:55Z" finished-at="2021-12-17T21:26:15Z">
      <class name="com.hudl.testcases.LoginPageTest">
        <test-method status="PASS" signature="setup()[pri:0, instance:com.hudl.testcases.LoginPageTest@47f6473]" name="setup" is-config="true" duration-ms="4925" started-at="2021-12-17T15:25:55Z" finished-at="2021-12-17T15:26:00Z">
          <reporter-output>
          </reporter-output>
        </test-method> <!-- setup -->
        <test-method status="PASS" signature="loginPageTitleTest()[pri:1, instance:com.hudl.testcases.LoginPageTest@47f6473]" name="loginPageTitleTest" duration-ms="24" started-at="2021-12-17T15:26:00Z" finished-at="2021-12-17T15:26:00Z">
          <reporter-output>
          </reporter-output>
        </test-method> <!-- loginPageTitleTest -->
        <test-method status="PASS" signature="tearDown()[pri:0, instance:com.hudl.testcases.LoginPageTest@47f6473]" name="tearDown" is-config="true" duration-ms="639" started-at="2021-12-17T15:26:00Z" finished-at="2021-12-17T15:26:00Z">
          <reporter-output>
          </reporter-output>
        </test-method> <!-- tearDown -->
        <test-method status="PASS" signature="setup()[pri:0, instance:com.hudl.testcases.LoginPageTest@47f6473]" name="setup" is-config="true" duration-ms="3245" started-at="2021-12-17T15:26:00Z" finished-at="2021-12-17T15:26:03Z">
          <reporter-output>
          </reporter-output>
        </test-method> <!-- setup -->
        <test-method status="PASS" signature="loginTest()[pri:2, instance:com.hudl.testcases.LoginPageTest@47f6473]" name="loginTest" duration-ms="142" started-at="2021-12-17T15:26:03Z" finished-at="2021-12-17T15:26:04Z">
          <reporter-output>
          </reporter-output>
        </test-method> <!-- loginTest -->
        <test-method status="PASS" signature="tearDown()[pri:0, instance:com.hudl.testcases.LoginPageTest@47f6473]" name="tearDown" is-config="true" duration-ms="596" started-at="2021-12-17T15:26:04Z" finished-at="2021-12-17T15:26:04Z">
          <reporter-output>
          </reporter-output>
        </test-method> <!-- tearDown -->
      </class> <!-- com.hudl.testcases.LoginPageTest -->
      <class name="com.hudl.testcases.HomePageTest">
        <test-method status="PASS" signature="setUp()[pri:0, instance:com.hudl.testcases.HomePageTest@15975490]" name="setUp" is-config="true" duration-ms="3332" started-at="2021-12-17T15:26:04Z" finished-at="2021-12-17T15:26:07Z">
          <reporter-output>
          </reporter-output>
        </test-method> <!-- setUp -->
        <test-method status="PASS" signature="verifyUserNameTest()[pri:1, instance:com.hudl.testcases.HomePageTest@15975490]" name="verifyUserNameTest" duration-ms="2880" started-at="2021-12-17T15:26:07Z" finished-at="2021-12-17T15:26:10Z">
          <reporter-output>
          </reporter-output>
        </test-method> <!-- verifyUserNameTest -->
        <test-method status="PASS" signature="tearDown()[pri:0, instance:com.hudl.testcases.HomePageTest@15975490]" name="tearDown" is-config="true" duration-ms="609" started-at="2021-12-17T15:26:10Z" finished-at="2021-12-17T15:26:11Z">
          <reporter-output>
          </reporter-output>
        </test-method> <!-- tearDown -->
        <test-method status="PASS" signature="setUp()[pri:0, instance:com.hudl.testcases.HomePageTest@15975490]" name="setUp" is-config="true" duration-ms="3602" started-at="2021-12-17T15:26:11Z" finished-at="2021-12-17T15:26:15Z">
          <reporter-output>
          </reporter-output>
        </test-method> <!-- setUp -->
        <test-method status="FAIL" signature="verifyHomepageTitleTest()[pri:2, instance:com.hudl.testcases.HomePageTest@15975490]" name="verifyHomepageTitleTest" duration-ms="4" started-at="2021-12-17T15:26:15Z" finished-at="2021-12-17T15:26:15Z">
          <exception class="java.lang.AssertionError">
            <message>
              <![CDATA[Home Page Title Not Matched expected [Home - Hudl] but found [Log In - Hudl]]]>
            </message>
            <full-stacktrace>
              <![CDATA[java.lang.AssertionError: Home Page Title Not Matched expected [Home - Hudl] but found [Log In - Hudl]
	at org.testng.Assert.fail(Assert.java:94)
	at org.testng.Assert.failNotEquals(Assert.java:513)
	at org.testng.Assert.assertEqualsImpl(Assert.java:135)
	at org.testng.Assert.assertEquals(Assert.java:116)
	at org.testng.Assert.assertEquals(Assert.java:190)
	at com.hudl.testcases.HomePageTest.verifyHomepageTitleTest(HomePageTest.java:34)
	at sun.reflect.NativeMethodAccessorImpl.invoke0(Native Method)
	at sun.reflect.NativeMethodAccessorImpl.invoke(NativeMethodAccessorImpl.java:62)
	at sun.reflect.DelegatingMethodAccessorImpl.invoke(DelegatingMethodAccessorImpl.java:43)
	at java.lang.reflect.Method.invoke(Method.java:498)
	at org.testng.internal.MethodInvocationHelper.invokeMethod(MethodInvocationHelper.java:86)
	at org.testng.internal.Invoker.invokeMethod(Invoker.java:645)
	at org.testng.internal.Invoker.invokeTestMethod(Invoker.java:822)
	at org.testng.internal.Invoker.invokeTestMethods(Invoker.java:1130)
	at org.testng.internal.TestMethodWorker.invokeTestMethods(TestMethodWorker.java:129)
	at org.testng.internal.TestMethodWorker.run(TestMethodWorker.java:112)
	at org.testng.TestRunner.privateRun(TestRunner.java:782)
	at org.testng.TestRunner.run(TestRunner.java:632)
	at org.testng.SuiteRunner.runTest(SuiteRunner.java:366)
	at org.testng.SuiteRunner.runSequentially(SuiteRunner.java:361)
	at org.testng.SuiteRunner.privateRun(SuiteRunner.java:319)
	at org.testng.SuiteRunner.run(SuiteRunner.java:268)
	at org.testng.SuiteRunnerWorker.runSuite(SuiteRunnerWorker.java:52)
	at org.testng.SuiteRunnerWorker.run(SuiteRunnerWorker.java:86)
	at org.testng.TestNG.runSuitesSequentially(TestNG.java:1244)
	at org.testng.TestNG.runSuitesLocally(TestNG.java:1169)
	at org.testng.TestNG.run(TestNG.java:1064)
	at org.testng.remote.RemoteTestNG.run(RemoteTestNG.java:113)
	at org.testng.remote.RemoteTestNG.initAndRun(RemoteTestNG.java:206)
	at org.testng.remote.RemoteTestNG.main(RemoteTestNG.java:177)
]]>
            </full-stacktrace>
          </exception> <!-- java.lang.AssertionError -->
          <reporter-output>
          </reporter-output>
        </test-method> <!-- verifyHomepageTitleTest -->
        <test-method status="PASS" signature="tearDown()[pri:0, instance:com.hudl.testcases.HomePageTest@15975490]" name="tearDown" is-config="true" duration-ms="618" started-at="2021-12-17T15:26:15Z" finished-at="2021-12-17T15:26:15Z">
          <reporter-output>
          </reporter-output>
        </test-method> <!-- tearDown -->
      </class> <!-- com.hudl.testcases.HomePageTest -->
    </test> <!-- Log In to Hudl and Verify Successful Login -->
  </suite> <!-- Huld_Demo_Project -->
</testng-results>
